# JRE version: OpenJDK Runtime Environment (8.0_222-b10) (build 1.8.0_222-8u222-b10-1ubuntu1~18.04.1-b10)
# Java VM: OpenJDK 64-Bit Server VM (25.222-b10 mixed mode linux-amd64 compressed oops)
Heap:
 PSYoungGen      total 421888K, used 14504K [0x00000000d7100000, 0x00000000f1b80000, 0x0000000100000000)
  eden space 407040K, 0% used [0x00000000d7100000,0x00000000d7100000,0x00000000efe80000)
  from space 14848K, 97% used [0x00000000efe80000,0x00000000f0caa3e8,0x00000000f0d00000)
  to   space 14336K, 0% used [0x00000000f0d80000,0x00000000f0d80000,0x00000000f1b80000)
 ParOldGen       total 98816K, used 22687K [0x0000000085200000, 0x000000008b280000, 0x00000000d7100000)
  object space 98816K, 22% used [0x0000000085200000,0x0000000086827f10,0x000000008b280000)
 Metaspace       used 63241K, capacity 66962K, committed 67200K, reserved 1107968K
  class space    used 8563K, capacity 9286K, committed 9344K, reserved 1048576K
GC Heap History (10 events):
Event: 616,466 GC heap after
Heap after GC invocations=20 (full 6):
 PSYoungGen      total 422400K, used 0K [0x00000000d7100000, 0x00000000f1d80000, 0x0000000100000000)
  eden space 407040K, 0% used [0x00000000d7100000,0x00000000d7100000,0x00000000efe80000)
  from space 15360K, 0% used [0x00000000f0e80000,0x00000000f0e80000,0x00000000f1d80000)
  to   space 15872K, 0% used [0x00000000efe80000,0x00000000efe80000,0x00000000f0e00000)
 ParOldGen       total 98816K, used 21801K [0x0000000085200000, 0x000000008b280000, 0x00000000d7100000)
  object space 98816K, 22% used [0x0000000085200000,0x000000008674a420,0x000000008b280000)
 Metaspace       used 59107K, capacity 62508K, committed 62848K, reserved 1103872K
  class space    used 8114K, capacity 8738K, committed 8832K, reserved 1048576K
}
Event: 1008,988 GC heap before
{Heap before GC invocations=21 (full 6):
 PSYoungGen      total 422400K, used 291203K [0x00000000d7100000, 0x00000000f1d80000, 0x0000000100000000)
  eden space 407040K, 71% used [0x00000000d7100000,0x00000000e8d60d28,0x00000000efe80000)
  from space 15360K, 0% used [0x00000000f0e80000,0x00000000f0e80000,0x00000000f1d80000)
  to   space 15872K, 0% used [0x00000000efe80000,0x00000000efe80000,0x00000000f0e00000)
 ParOldGen       total 98816K, used 21801K [0x0000000085200000, 0x000000008b280000, 0x00000000d7100000)
  object space 98816K, 22% used [0x0000000085200000,0x000000008674a420,0x000000008b280000)
 Metaspace       used 59416K, capacity 62948K, committed 63104K, reserved 1103872K
  class space    used 8156K, capacity 8811K, committed 8832K, reserved 1048576K
Event: 1008,996 GC heap after
Heap after GC invocations=21 (full 6):
 PSYoungGen      total 413184K, used 6017K [0x00000000d7100000, 0x00000000f1c80000, 0x0000000100000000)
  eden space 407040K, 0% used [0x00000000d7100000,0x00000000d7100000,0x00000000efe80000)
  from space 6144K, 97% used [0x00000000efe80000,0x00000000f04606e8,0x00000000f0480000)
  to   space 15360K, 0% used [0x00000000f0d80000,0x00000000f0d80000,0x00000000f1c80000)
 ParOldGen       total 98816K, used 21809K [0x0000000085200000, 0x000000008b280000, 0x00000000d7100000)
  object space 98816K, 22% used [0x0000000085200000,0x000000008674c420,0x000000008b280000)
 Metaspace       used 59416K, capacity 62948K, committed 63104K, reserved 1103872K
  class space    used 8156K, capacity 8811K, committed 8832K, reserved 1048576K
}
Event: 1008,996 GC heap before
{Heap before GC invocations=22 (full 7):
 PSYoungGen      total 413184K, used 6017K [0x00000000d7100000, 0x00000000f1c80000, 0x0000000100000000)
  eden space 407040K, 0% used [0x00000000d7100000,0x00000000d7100000,0x00000000efe80000)
  from space 6144K, 97% used [0x00000000efe80000,0x00000000f04606e8,0x00000000f0480000)
  to   space 15360K, 0% used [0x00000000f0d80000,0x00000000f0d80000,0x00000000f1c80000)
 ParOldGen       total 98816K, used 21809K [0x0000000085200000, 0x000000008b280000, 0x00000000d7100000)
  object space 98816K, 22% used [0x0000000085200000,0x000000008674c420,0x000000008b280000)
 Metaspace       used 59416K, capacity 62948K, committed 63104K, reserved 1103872K
  class space    used 8156K, capacity 8811K, committed 8832K, reserved 1048576K
Event: 1009,093 GC heap after
Heap after GC invocations=22 (full 7):
 PSYoungGen      total 413184K, used 0K [0x00000000d7100000, 0x00000000f1c80000, 0x0000000100000000)
  eden space 407040K, 0% used [0x00000000d7100000,0x00000000d7100000,0x00000000efe80000)
  from space 6144K, 0% used [0x00000000efe80000,0x00000000efe80000,0x00000000f0480000)
  to   space 15360K, 0% used [0x00000000f0d80000,0x00000000f0d80000,0x00000000f1c80000)
 ParOldGen       total 98816K, used 22554K [0x0000000085200000, 0x000000008b280000, 0x00000000d7100000)
  object space 98816K, 22% used [0x0000000085200000,0x00000000868069e0,0x000000008b280000)
 Metaspace       used 59413K, capacity 62942K, committed 63104K, reserved 1103872K
  class space    used 8156K, capacity 8809K, committed 8832K, reserved 1048576K
}
Event: 1119,563 GC heap before
{Heap before GC invocations=23 (full 7):
 PSYoungGen      total 413184K, used 219310K [0x00000000d7100000, 0x00000000f1c80000, 0x0000000100000000)
  eden space 407040K, 53% used [0x00000000d7100000,0x00000000e472b800,0x00000000efe80000)
  from space 6144K, 0% used [0x00000000efe80000,0x00000000efe80000,0x00000000f0480000)
  to   space 15360K, 0% used [0x00000000f0d80000,0x00000000f0d80000,0x00000000f1c80000)
 ParOldGen       total 98816K, used 22554K [0x0000000085200000, 0x000000008b280000, 0x00000000d7100000)
  object space 98816K, 22% used [0x0000000085200000,0x00000000868069e0,0x000000008b280000)
 Metaspace       used 59647K, capacity 63278K, committed 63488K, reserved 1103872K
  class space    used 8183K, capacity 8854K, committed 8960K, reserved 1048576K
Event: 1119,581 GC heap after
Heap after GC invocations=23 (full 7):
 PSYoungGen      total 421376K, used 5941K [0x00000000d7100000, 0x00000000f1b80000, 0x0000000100000000)
  eden space 407040K, 0% used [0x00000000d7100000,0x00000000d7100000,0x00000000efe80000)
  from space 14336K, 41% used [0x00000000f0d80000,0x00000000f134d4f0,0x00000000f1b80000)
  to   space 14848K, 0% used [0x00000000efe80000,0x00000000efe80000,0x00000000f0d00000)
 ParOldGen       total 98816K, used 22562K [0x0000000085200000, 0x000000008b280000, 0x00000000d7100000)
  object space 98816K, 22% used [0x0000000085200000,0x00000000868089e0,0x000000008b280000)
 Metaspace       used 59647K, capacity 63278K, committed 63488K, reserved 1103872K
  class space    used 8183K, capacity 8854K, committed 8960K, reserved 1048576K
}
Event: 1119,581 GC heap before
{Heap before GC invocations=24 (full 8):
 PSYoungGen      total 421376K, used 5941K [0x00000000d7100000, 0x00000000f1b80000, 0x0000000100000000)
  eden space 407040K, 0% used [0x00000000d7100000,0x00000000d7100000,0x00000000efe80000)
  from space 14336K, 41% used [0x00000000f0d80000,0x00000000f134d4f0,0x00000000f1b80000)
  to   space 14848K, 0% used [0x00000000efe80000,0x00000000efe80000,0x00000000f0d00000)
 ParOldGen       total 98816K, used 22562K [0x0000000085200000, 0x000000008b280000, 0x00000000d7100000)
  object space 98816K, 22% used [0x0000000085200000,0x00000000868089e0,0x000000008b280000)
 Metaspace       used 59647K, capacity 63278K, committed 63488K, reserved 1103872K
  class space    used 8183K, capacity 8854K, committed 8960K, reserved 1048576K
Event: 1119,871 GC heap after
Heap after GC invocations=24 (full 8):
 PSYoungGen      total 421376K, used 0K [0x00000000d7100000, 0x00000000f1b80000, 0x0000000100000000)
  eden space 407040K, 0% used [0x00000000d7100000,0x00000000d7100000,0x00000000efe80000)
  from space 14336K, 0% used [0x00000000f0d80000,0x00000000f0d80000,0x00000000f1b80000)
  to   space 14848K, 0% used [0x00000000efe80000,0x00000000efe80000,0x00000000f0d00000)
 ParOldGen       total 98816K, used 22679K [0x0000000085200000, 0x000000008b280000, 0x00000000d7100000)
  object space 98816K, 22% used [0x0000000085200000,0x0000000086825f10,0x000000008b280000)
 Metaspace       used 59644K, capacity 63272K, committed 63488K, reserved 1103872K
  class space    used 8183K, capacity 8852K, committed 8960K, reserved 1048576K
}
Event: 1224,359 GC heap before
{Heap before GC invocations=25 (full 8):
 PSYoungGen      total 421376K, used 407040K [0x00000000d7100000, 0x00000000f1b80000, 0x0000000100000000)
  eden space 407040K, 100% used [0x00000000d7100000,0x00000000efe80000,0x00000000efe80000)
  from space 14336K, 0% used [0x00000000f0d80000,0x00000000f0d80000,0x00000000f1b80000)
  to   space 14848K, 0% used [0x00000000efe80000,0x00000000efe80000,0x00000000f0d00000)
 ParOldGen       total 98816K, used 22679K [0x0000000085200000, 0x000000008b280000, 0x00000000d7100000)
  object space 98816K, 22% used [0x0000000085200000,0x0000000086825f10,0x000000008b280000)
 Metaspace       used 63241K, capacity 66962K, committed 67200K, reserved 1107968K
  class space    used 8563K, capacity 9286K, committed 9344K, reserved 1048576K

